18-07-2024 17:06:31.639 [main] INFO  o.s.web.servlet.DispatcherServlet.initServletBean - Initializing Servlet 'dispatcher'
18-07-2024 17:06:32.738 [main] INFO  c.x.f.configuration.DatabaseConfig.<init> - Created no-arg constructor in DatabaseConfig...
18-07-2024 17:06:33.056 [main] INFO  o.h.jpa.internal.util.LogHelper.logPersistenceUnitInformation - HHH000204: Processing PersistenceUnitInfo [name: default]
18-07-2024 17:06:33.399 [main] INFO  org.hibernate.Version.logVersion - HHH000412: Hibernate ORM core version 5.6.15.Final
18-07-2024 17:06:34.018 [main] INFO  o.h.annotations.common.Version.<clinit> - HCANN000001: Hibernate Commons Annotations {5.1.2.Final}
18-07-2024 17:06:35.816 [main] INFO  org.hibernate.dialect.Dialect.<init> - HHH000400: Using dialect: org.hibernate.dialect.MySQL8Dialect
18-07-2024 17:06:36.883 [main] INFO  o.h.validator.internal.util.Version.<clinit> - HV000001: Hibernate Validator 5.4.3.Final
18-07-2024 17:06:38.603 [main] INFO  o.h.e.t.j.p.i.JtaPlatformInitiator.initiateService - HHH000490: Using JtaPlatform implementation: [org.hibernate.engine.transaction.jta.platform.internal.NoJtaPlatform]
18-07-2024 17:06:38.986 [main] INFO  o.s.o.j.LocalContainerEntityManagerFactoryBean.buildNativeEntityManagerFactory - Initialized JPA EntityManagerFactory for persistence unit 'default'
18-07-2024 17:06:39.894 [main] INFO  o.s.web.servlet.DispatcherServlet.initServletBean - Completed initialization in 8247 ms
18-07-2024 17:07:46.822 [Thread-4] INFO  o.s.o.j.LocalContainerEntityManagerFactoryBean.destroy - Closing JPA EntityManagerFactory for persistence unit 'default'
18-07-2024 17:08:05.178 [main] INFO  o.s.web.servlet.DispatcherServlet.initServletBean - Initializing Servlet 'dispatcher'
18-07-2024 17:08:06.353 [main] INFO  c.x.f.configuration.DatabaseConfig.<init> - Created no-arg constructor in DatabaseConfig...
18-07-2024 17:08:06.727 [main] INFO  o.h.jpa.internal.util.LogHelper.logPersistenceUnitInformation - HHH000204: Processing PersistenceUnitInfo [name: default]
18-07-2024 17:08:06.940 [main] INFO  org.hibernate.Version.logVersion - HHH000412: Hibernate ORM core version 5.6.15.Final
18-07-2024 17:08:07.612 [main] INFO  o.h.annotations.common.Version.<clinit> - HCANN000001: Hibernate Commons Annotations {5.1.2.Final}
18-07-2024 17:08:09.273 [main] INFO  org.hibernate.dialect.Dialect.<init> - HHH000400: Using dialect: org.hibernate.dialect.MySQL8Dialect
18-07-2024 17:08:10.309 [main] INFO  o.h.validator.internal.util.Version.<clinit> - HV000001: Hibernate Validator 5.4.3.Final
18-07-2024 17:08:12.043 [main] INFO  o.h.e.t.j.p.i.JtaPlatformInitiator.initiateService - HHH000490: Using JtaPlatform implementation: [org.hibernate.engine.transaction.jta.platform.internal.NoJtaPlatform]
18-07-2024 17:08:12.631 [main] INFO  o.s.o.j.LocalContainerEntityManagerFactoryBean.buildNativeEntityManagerFactory - Initialized JPA EntityManagerFactory for persistence unit 'default'
18-07-2024 17:08:12.644 [main] INFO  c.x.f.controller.SignInController.<init> - created no-arg constructor in SignInController...
18-07-2024 17:08:13.603 [main] INFO  o.s.web.servlet.DispatcherServlet.initServletBean - Completed initialization in 8415 ms
18-07-2024 17:21:59.627 [Thread-4] INFO  o.s.o.j.LocalContainerEntityManagerFactoryBean.destroy - Closing JPA EntityManagerFactory for persistence unit 'default'
